[09/15/2022 12:06:02] Debug: Session id: 232e9b4b-aa83-448c-860d-edcdd93fe1e4
[09/15/2022 12:06:02] Debug: Code Processor information: Name :SnowConvert, Version: 9.0.3.0
[09/15/2022 12:06:03] Debug: Getting license
[09/15/2022 12:06:03] Debug: License information
	Status: Failed
	Message: No active license available.
[09/15/2022 12:06:03] Info: Starting to validate parameters
[09/15/2022 12:06:03] Info: Parameters to validate: 
	Execution mode: Conversion
	LICENSE_KEY: a3372138-b87e-4a08-b929-3b48b24c63f1
[09/15/2022 12:06:03] Info: Validation of parameters: Success
[09/15/2022 12:06:03] Debug: Getting code descriptor
[09/15/2022 12:06:03] Debug: Code descriptor information
	Units: 51
	Units type: LOC
	All file bytes: 2141
	All found extensions: .sql,.dml,.ddl,.bteq,.btq,.fl,.fload,.ml,.mload,.mld,.tp,.tpump,.tpt
[09/15/2022 12:06:03] Debug: Calculating fingerprint
[09/15/2022 12:06:03] Debug: Fingerprint information Fingerprint(size=2141,projects=1)
[09/15/2022 12:06:03] Info: Starting to try to validate online license for execution
[09/15/2022 12:06:04] Debug: Getting license
[09/15/2022 12:06:04] Debug: License information
	Status: Failed
	Message: No active license available.
[09/15/2022 12:06:04] Debug: Starting the execution of the controller
[09/15/2022 12:06:05] Debug: Executing the worker: SnowConvert
[09/15/2022 12:06:17] Debug: Finished executing the worker: SnowConvert
[09/15/2022 12:06:19] Info: Controller execution ended
